<?xml version="1.0" encoding="UTF-8"?>
<!-- Generated by org.testng.reporters.JUnitReportReporter -->
<testsuite hostname="DESKTOP-C8SIN83" failures="0" tests="1" name="PracticeTestScript.dataDrivenPractice.BrokenLink" time="48.592" errors="0" timestamp="2023-03-07T12:10:52 IST" skipped="0">
  <testcase classname="PracticeTestScript.dataDrivenPractice.BrokenLink" name="testAllLink" time="48.592"/>
  <system-out/>
</testsuite> <!-- PracticeTestScript.dataDrivenPractice.BrokenLink -->
