<?xml version="1.0" encoding="UTF-8"?>
<!-- Generated by org.testng.reporters.JUnitReportReporter -->
<testsuite hostname="DESKTOP-C8SIN83" failures="0" tests="1" name="com.ecom.ofos.CustomerTestScript.CustomerLoginTestng" time="3.684" errors="0" timestamp="2023-03-06T18:12:29 IST" skipped="0">
  <testcase classname="com.ecom.ofos.CustomerTestScript.CustomerLoginTestng" name="userLogin" time="3.684"/>
  <system-out>
    <![CDATA[Customer Home page is diplyed
loginpage displayed
After successful login homepage displayed]]>
  </system-out>
</testsuite> <!-- com.ecom.ofos.CustomerTestScript.CustomerLoginTestng -->
